/home/dhonan/Workspaces/tereka/roswbt/install/tereka_launcher/lib/python3.12/site-packages/tereka_launcher/truck.py
/home/dhonan/Workspaces/tereka/roswbt/install/tereka_launcher/lib/python3.12/site-packages/tereka_launcher/__init__.py
/home/dhonan/Workspaces/tereka/roswbt/install/tereka_launcher/lib/python3.12/site-packages/tereka_launcher/modules/truck_driver.py
/home/dhonan/Workspaces/tereka/roswbt/install/tereka_launcher/lib/python3.12/site-packages/tereka_launcher/modules/__init__.py
/home/dhonan/Workspaces/tereka/roswbt/install/tereka_launcher/lib/python3.12/site-packages/tereka_launcher/__pycache__/truck.cpython-312.pyc
/home/dhonan/Workspaces/tereka/roswbt/install/tereka_launcher/lib/python3.12/site-packages/tereka_launcher/__pycache__/__init__.cpython-312.pyc
/home/dhonan/Workspaces/tereka/roswbt/install/tereka_launcher/lib/python3.12/site-packages/tereka_launcher/modules/__pycache__/truck_driver.cpython-312.pyc
/home/dhonan/Workspaces/tereka/roswbt/install/tereka_launcher/lib/python3.12/site-packages/tereka_launcher/modules/__pycache__/__init__.cpython-312.pyc
/home/dhonan/Workspaces/tereka/roswbt/install/tereka_launcher/share/ament_index/resource_index/packages/tereka_launcher
/home/dhonan/Workspaces/tereka/roswbt/install/tereka_launcher/share/tereka_launcher/package.xml
/home/dhonan/Workspaces/tereka/roswbt/install/tereka_launcher/share/tereka_launcher/truck_visual.launch.py
/home/dhonan/Workspaces/tereka/roswbt/install/tereka_launcher/share/tereka_launcher/worlds/TruckSimple.proto
/home/dhonan/Workspaces/tereka/roswbt/install/tereka_launcher/share/tereka_launcher/worlds/plain_board.wbt
/home/dhonan/Workspaces/tereka/roswbt/install/tereka_launcher/share/tereka_launcher/resource/truck.urdf
/home/dhonan/Workspaces/tereka/roswbt/install/tereka_launcher/lib/python3.12/site-packages/tereka_launcher-0.0.0-py3.12.egg-info/entry_points.txt
/home/dhonan/Workspaces/tereka/roswbt/install/tereka_launcher/lib/python3.12/site-packages/tereka_launcher-0.0.0-py3.12.egg-info/dependency_links.txt
/home/dhonan/Workspaces/tereka/roswbt/install/tereka_launcher/lib/python3.12/site-packages/tereka_launcher-0.0.0-py3.12.egg-info/top_level.txt
/home/dhonan/Workspaces/tereka/roswbt/install/tereka_launcher/lib/python3.12/site-packages/tereka_launcher-0.0.0-py3.12.egg-info/zip-safe
/home/dhonan/Workspaces/tereka/roswbt/install/tereka_launcher/lib/python3.12/site-packages/tereka_launcher-0.0.0-py3.12.egg-info/SOURCES.txt
/home/dhonan/Workspaces/tereka/roswbt/install/tereka_launcher/lib/python3.12/site-packages/tereka_launcher-0.0.0-py3.12.egg-info/requires.txt
/home/dhonan/Workspaces/tereka/roswbt/install/tereka_launcher/lib/python3.12/site-packages/tereka_launcher-0.0.0-py3.12.egg-info/PKG-INFO
/home/dhonan/Workspaces/tereka/roswbt/install/tereka_launcher/lib/tereka_launcher/truck
