[1.377s] Invoking command in '/home/dhonan/Workspaces/tereka/roswbt/src/tereka_launcher': DEBUGINFOD_URLS=https://debuginfod.ubuntu.com PYTHONPATH=/home/dhonan/Workspaces/tereka/roswbt/build/tereka_launcher/prefix_override:/usr/lib/python3/dist-packages/colcon_core/task/python/colcon_distutils_commands:/home/dhonan/Workspaces/tereka/roswbt/install/tereka_launcher/lib/python3.12/site-packages:${PYTHONPATH} VIRTUAL_ENV_PROMPT=(.venv) /usr/bin/python3 -W ignore:setup.py install is deprecated setup.py egg_info --egg-base ../../build/tereka_launcher build --build-base /home/dhonan/Workspaces/tereka/roswbt/build/tereka_launcher/build install --record /home/dhonan/Workspaces/tereka/roswbt/build/tereka_launcher/install.log --single-version-externally-managed install_data
[1.815s] running egg_info
[1.847s] writing ../../build/tereka_launcher/tereka_launcher.egg-info/PKG-INFO
[1.847s] writing dependency_links to ../../build/tereka_launcher/tereka_launcher.egg-info/dependency_links.txt
[1.848s] writing entry points to ../../build/tereka_launcher/tereka_launcher.egg-info/entry_points.txt
[1.848s] writing requirements to ../../build/tereka_launcher/tereka_launcher.egg-info/requires.txt
[1.848s] writing top-level names to ../../build/tereka_launcher/tereka_launcher.egg-info/top_level.txt
[1.905s] reading manifest file '../../build/tereka_launcher/tereka_launcher.egg-info/SOURCES.txt'
[1.907s] writing manifest file '../../build/tereka_launcher/tereka_launcher.egg-info/SOURCES.txt'
[1.908s] running build
[1.908s] running build_py
[1.909s] running install
[1.918s] running install_lib
[1.948s] running install_data
[1.949s] copying worlds/TruckSimple.proto -> /home/dhonan/Workspaces/tereka/roswbt/install/tereka_launcher/share/tereka_launcher/worlds
[1.949s] running install_egg_info
[1.981s] removing '/home/dhonan/Workspaces/tereka/roswbt/install/tereka_launcher/lib/python3.12/site-packages/tereka_launcher-0.0.0-py3.12.egg-info' (and everything under it)
[1.981s] Copying ../../build/tereka_launcher/tereka_launcher.egg-info to /home/dhonan/Workspaces/tereka/roswbt/install/tereka_launcher/lib/python3.12/site-packages/tereka_launcher-0.0.0-py3.12.egg-info
[1.983s] running install_scripts
[2.203s] Installing truck script to /home/dhonan/Workspaces/tereka/roswbt/install/tereka_launcher/lib/tereka_launcher
[2.203s] writing list of installed files to '/home/dhonan/Workspaces/tereka/roswbt/build/tereka_launcher/install.log'
[2.257s] Invoked command in '/home/dhonan/Workspaces/tereka/roswbt/src/tereka_launcher' returned '0': DEBUGINFOD_URLS=https://debuginfod.ubuntu.com PYTHONPATH=/home/dhonan/Workspaces/tereka/roswbt/build/tereka_launcher/prefix_override:/usr/lib/python3/dist-packages/colcon_core/task/python/colcon_distutils_commands:/home/dhonan/Workspaces/tereka/roswbt/install/tereka_launcher/lib/python3.12/site-packages:${PYTHONPATH} VIRTUAL_ENV_PROMPT=(.venv) /usr/bin/python3 -W ignore:setup.py install is deprecated setup.py egg_info --egg-base ../../build/tereka_launcher build --build-base /home/dhonan/Workspaces/tereka/roswbt/build/tereka_launcher/build install --record /home/dhonan/Workspaces/tereka/roswbt/build/tereka_launcher/install.log --single-version-externally-managed install_data
