[2.550s] Invoking command in '/home/dhonan/Workspaces/tereka/roswbt/src/tereka_serial': DEBUGINFOD_URLS=https://debuginfod.ubuntu.com PYTHONPATH=/home/dhonan/Workspaces/tereka/roswbt/build/tereka_serial/prefix_override:/usr/lib/python3/dist-packages/colcon_core/task/python/colcon_distutils_commands:/home/dhonan/Workspaces/tereka/roswbt/install/tereka_serial/lib/python3.12/site-packages:${PYTHONPATH} VIRTUAL_ENV_PROMPT=(.venv) /usr/bin/python3 -W ignore:setup.py install is deprecated setup.py egg_info --egg-base ../../build/tereka_serial build --build-base /home/dhonan/Workspaces/tereka/roswbt/build/tereka_serial/build install --record /home/dhonan/Workspaces/tereka/roswbt/build/tereka_serial/install.log --single-version-externally-managed install_data
[2.967s] running egg_info
[2.967s] creating ../../build/tereka_serial/tereka_serial.egg-info
[2.996s] writing ../../build/tereka_serial/tereka_serial.egg-info/PKG-INFO
[2.996s] writing dependency_links to ../../build/tereka_serial/tereka_serial.egg-info/dependency_links.txt
[2.996s] writing entry points to ../../build/tereka_serial/tereka_serial.egg-info/entry_points.txt
[2.997s] writing requirements to ../../build/tereka_serial/tereka_serial.egg-info/requires.txt
[2.997s] writing top-level names to ../../build/tereka_serial/tereka_serial.egg-info/top_level.txt
[2.997s] writing manifest file '../../build/tereka_serial/tereka_serial.egg-info/SOURCES.txt'
[3.057s] reading manifest file '../../build/tereka_serial/tereka_serial.egg-info/SOURCES.txt'
[3.058s] writing manifest file '../../build/tereka_serial/tereka_serial.egg-info/SOURCES.txt'
[3.058s] running build
[3.058s] running build_py
[3.058s] creating /home/dhonan/Workspaces/tereka/roswbt/build/tereka_serial/build
[3.059s] creating /home/dhonan/Workspaces/tereka/roswbt/build/tereka_serial/build/lib
[3.059s] creating /home/dhonan/Workspaces/tereka/roswbt/build/tereka_serial/build/lib/tereka_serial
[3.059s] copying tereka_serial/main.py -> /home/dhonan/Workspaces/tereka/roswbt/build/tereka_serial/build/lib/tereka_serial
[3.059s] copying tereka_serial/__init__.py -> /home/dhonan/Workspaces/tereka/roswbt/build/tereka_serial/build/lib/tereka_serial
[3.059s] creating /home/dhonan/Workspaces/tereka/roswbt/build/tereka_serial/build/lib/tereka_serial/modules
[3.060s] copying tereka_serial/modules/__init__.py -> /home/dhonan/Workspaces/tereka/roswbt/build/tereka_serial/build/lib/tereka_serial/modules
[3.060s] copying tereka_serial/modules/serial_node.py -> /home/dhonan/Workspaces/tereka/roswbt/build/tereka_serial/build/lib/tereka_serial/modules
[3.060s] running install
[3.071s] running install_lib
[3.103s] creating /home/dhonan/Workspaces/tereka/roswbt/install/tereka_serial/lib/python3.12/site-packages/tereka_serial
[3.103s] creating /home/dhonan/Workspaces/tereka/roswbt/install/tereka_serial/lib/python3.12/site-packages/tereka_serial/modules
[3.103s] copying /home/dhonan/Workspaces/tereka/roswbt/build/tereka_serial/build/lib/tereka_serial/modules/__init__.py -> /home/dhonan/Workspaces/tereka/roswbt/install/tereka_serial/lib/python3.12/site-packages/tereka_serial/modules
[3.104s] copying /home/dhonan/Workspaces/tereka/roswbt/build/tereka_serial/build/lib/tereka_serial/modules/serial_node.py -> /home/dhonan/Workspaces/tereka/roswbt/install/tereka_serial/lib/python3.12/site-packages/tereka_serial/modules
[3.104s] copying /home/dhonan/Workspaces/tereka/roswbt/build/tereka_serial/build/lib/tereka_serial/main.py -> /home/dhonan/Workspaces/tereka/roswbt/install/tereka_serial/lib/python3.12/site-packages/tereka_serial
[3.104s] copying /home/dhonan/Workspaces/tereka/roswbt/build/tereka_serial/build/lib/tereka_serial/__init__.py -> /home/dhonan/Workspaces/tereka/roswbt/install/tereka_serial/lib/python3.12/site-packages/tereka_serial
[3.105s] byte-compiling /home/dhonan/Workspaces/tereka/roswbt/install/tereka_serial/lib/python3.12/site-packages/tereka_serial/modules/__init__.py to __init__.cpython-312.pyc
[3.105s] byte-compiling /home/dhonan/Workspaces/tereka/roswbt/install/tereka_serial/lib/python3.12/site-packages/tereka_serial/modules/serial_node.py to serial_node.cpython-312.pyc
[3.106s] byte-compiling /home/dhonan/Workspaces/tereka/roswbt/install/tereka_serial/lib/python3.12/site-packages/tereka_serial/main.py to main.cpython-312.pyc
[3.107s] byte-compiling /home/dhonan/Workspaces/tereka/roswbt/install/tereka_serial/lib/python3.12/site-packages/tereka_serial/__init__.py to __init__.cpython-312.pyc
[3.107s] running install_data
[3.107s] creating /home/dhonan/Workspaces/tereka/roswbt/install/tereka_serial/share/ament_index
[3.108s] creating /home/dhonan/Workspaces/tereka/roswbt/install/tereka_serial/share/ament_index/resource_index
[3.108s] creating /home/dhonan/Workspaces/tereka/roswbt/install/tereka_serial/share/ament_index/resource_index/packages
[3.108s] copying resource/tereka_serial -> /home/dhonan/Workspaces/tereka/roswbt/install/tereka_serial/share/ament_index/resource_index/packages
[3.108s] copying package.xml -> /home/dhonan/Workspaces/tereka/roswbt/install/tereka_serial/share/tereka_serial
[3.108s] running install_egg_info
[3.141s] Copying ../../build/tereka_serial/tereka_serial.egg-info to /home/dhonan/Workspaces/tereka/roswbt/install/tereka_serial/lib/python3.12/site-packages/tereka_serial-0.0.0-py3.12.egg-info
[3.142s] running install_scripts
[3.356s] Installing main script to /home/dhonan/Workspaces/tereka/roswbt/install/tereka_serial/lib/tereka_serial
[3.357s] writing list of installed files to '/home/dhonan/Workspaces/tereka/roswbt/build/tereka_serial/install.log'
[3.400s] Invoked command in '/home/dhonan/Workspaces/tereka/roswbt/src/tereka_serial' returned '0': DEBUGINFOD_URLS=https://debuginfod.ubuntu.com PYTHONPATH=/home/dhonan/Workspaces/tereka/roswbt/build/tereka_serial/prefix_override:/usr/lib/python3/dist-packages/colcon_core/task/python/colcon_distutils_commands:/home/dhonan/Workspaces/tereka/roswbt/install/tereka_serial/lib/python3.12/site-packages:${PYTHONPATH} VIRTUAL_ENV_PROMPT=(.venv) /usr/bin/python3 -W ignore:setup.py install is deprecated setup.py egg_info --egg-base ../../build/tereka_serial build --build-base /home/dhonan/Workspaces/tereka/roswbt/build/tereka_serial/build install --record /home/dhonan/Workspaces/tereka/roswbt/build/tereka_serial/install.log --single-version-externally-managed install_data
