running egg_info
writing ../../build/tereka_serial/tereka_serial.egg-info/PKG-INFO
writing dependency_links to ../../build/tereka_serial/tereka_serial.egg-info/dependency_links.txt
writing entry points to ../../build/tereka_serial/tereka_serial.egg-info/entry_points.txt
writing requirements to ../../build/tereka_serial/tereka_serial.egg-info/requires.txt
writing top-level names to ../../build/tereka_serial/tereka_serial.egg-info/top_level.txt
reading manifest file '../../build/tereka_serial/tereka_serial.egg-info/SOURCES.txt'
writing manifest file '../../build/tereka_serial/tereka_serial.egg-info/SOURCES.txt'
running build
running build_py
copying tereka_serial/main.py -> /home/dhonan/Workspaces/tereka/roswbt/build/tereka_serial/build/lib/tereka_serial
running install
running install_lib
copying /home/dhonan/Workspaces/tereka/roswbt/build/tereka_serial/build/lib/tereka_serial/main.py -> /home/dhonan/Workspaces/tereka/roswbt/install/tereka_serial/lib/python3.12/site-packages/tereka_serial
byte-compiling /home/dhonan/Workspaces/tereka/roswbt/install/tereka_serial/lib/python3.12/site-packages/tereka_serial/main.py to main.cpython-312.pyc
running install_data
running install_egg_info
removing '/home/dhonan/Workspaces/tereka/roswbt/install/tereka_serial/lib/python3.12/site-packages/tereka_serial-0.0.0-py3.12.egg-info' (and everything under it)
Copying ../../build/tereka_serial/tereka_serial.egg-info to /home/dhonan/Workspaces/tereka/roswbt/install/tereka_serial/lib/python3.12/site-packages/tereka_serial-0.0.0-py3.12.egg-info
running install_scripts
Installing main script to /home/dhonan/Workspaces/tereka/roswbt/install/tereka_serial/lib/tereka_serial
writing list of installed files to '/home/dhonan/Workspaces/tereka/roswbt/build/tereka_serial/install.log'
