[1.343s] Invoking command in '/home/dhonan/Workspaces/tereka/roswbt/src/tereka_serial': DEBUGINFOD_URLS=https://debuginfod.ubuntu.com PYTHONPATH=/home/dhonan/Workspaces/tereka/roswbt/build/tereka_serial/prefix_override:/usr/lib/python3/dist-packages/colcon_core/task/python/colcon_distutils_commands:/home/dhonan/Workspaces/tereka/roswbt/install/tereka_serial/lib/python3.12/site-packages:${PYTHONPATH} VIRTUAL_ENV_PROMPT=(.venv) /usr/bin/python3 -W ignore:setup.py install is deprecated setup.py egg_info --egg-base ../../build/tereka_serial build --build-base /home/dhonan/Workspaces/tereka/roswbt/build/tereka_serial/build install --record /home/dhonan/Workspaces/tereka/roswbt/build/tereka_serial/install.log --single-version-externally-managed install_data
[1.691s] running egg_info
[1.720s] writing ../../build/tereka_serial/tereka_serial.egg-info/PKG-INFO
[1.721s] writing dependency_links to ../../build/tereka_serial/tereka_serial.egg-info/dependency_links.txt
[1.721s] writing entry points to ../../build/tereka_serial/tereka_serial.egg-info/entry_points.txt
[1.721s] writing requirements to ../../build/tereka_serial/tereka_serial.egg-info/requires.txt
[1.721s] writing top-level names to ../../build/tereka_serial/tereka_serial.egg-info/top_level.txt
[1.782s] reading manifest file '../../build/tereka_serial/tereka_serial.egg-info/SOURCES.txt'
[1.783s] writing manifest file '../../build/tereka_serial/tereka_serial.egg-info/SOURCES.txt'
[1.783s] running build
[1.784s] running build_py
[1.784s] copying tereka_serial/main.py -> /home/dhonan/Workspaces/tereka/roswbt/build/tereka_serial/build/lib/tereka_serial
[1.784s] running install
[1.792s] running install_lib
[1.824s] copying /home/dhonan/Workspaces/tereka/roswbt/build/tereka_serial/build/lib/tereka_serial/main.py -> /home/dhonan/Workspaces/tereka/roswbt/install/tereka_serial/lib/python3.12/site-packages/tereka_serial
[1.825s] byte-compiling /home/dhonan/Workspaces/tereka/roswbt/install/tereka_serial/lib/python3.12/site-packages/tereka_serial/main.py to main.cpython-312.pyc
[1.826s] running install_data
[1.826s] running install_egg_info
[1.856s] removing '/home/dhonan/Workspaces/tereka/roswbt/install/tereka_serial/lib/python3.12/site-packages/tereka_serial-0.0.0-py3.12.egg-info' (and everything under it)
[1.856s] Copying ../../build/tereka_serial/tereka_serial.egg-info to /home/dhonan/Workspaces/tereka/roswbt/install/tereka_serial/lib/python3.12/site-packages/tereka_serial-0.0.0-py3.12.egg-info
[1.858s] running install_scripts
[2.059s] Installing main script to /home/dhonan/Workspaces/tereka/roswbt/install/tereka_serial/lib/tereka_serial
[2.059s] writing list of installed files to '/home/dhonan/Workspaces/tereka/roswbt/build/tereka_serial/install.log'
[2.100s] Invoked command in '/home/dhonan/Workspaces/tereka/roswbt/src/tereka_serial' returned '0': DEBUGINFOD_URLS=https://debuginfod.ubuntu.com PYTHONPATH=/home/dhonan/Workspaces/tereka/roswbt/build/tereka_serial/prefix_override:/usr/lib/python3/dist-packages/colcon_core/task/python/colcon_distutils_commands:/home/dhonan/Workspaces/tereka/roswbt/install/tereka_serial/lib/python3.12/site-packages:${PYTHONPATH} VIRTUAL_ENV_PROMPT=(.venv) /usr/bin/python3 -W ignore:setup.py install is deprecated setup.py egg_info --egg-base ../../build/tereka_serial build --build-base /home/dhonan/Workspaces/tereka/roswbt/build/tereka_serial/build install --record /home/dhonan/Workspaces/tereka/roswbt/build/tereka_serial/install.log --single-version-externally-managed install_data
