[0.184s] DEBUG:colcon:Command line arguments: ['/usr/bin/colcon', 'list', '-p', '--base-paths', '/home/dhonan/Workspaces/tereka/roswbt']
[0.185s] DEBUG:colcon:Parsed command line arguments: Namespace(log_base=None, log_level=None, verb_name='list', build_base='build', ignore_user_meta=False, metas=['./colcon.meta'], base_paths=['/home/dhonan/Workspaces/tereka/roswbt'], packages_ignore=None, packages_ignore_regex=None, paths=None, packages_up_to=None, packages_up_to_regex=None, packages_above=None, packages_above_and_dependencies=None, packages_above_depth=None, packages_select_by_dep=None, packages_skip_by_dep=None, packages_skip_up_to=None, packages_select_build_failed=False, packages_skip_build_finished=False, packages_select_test_failures=False, packages_skip_test_passed=False, packages_select=None, packages_skip=None, packages_select_regex=None, packages_skip_regex=None, packages_start=None, packages_end=None, allow_overriding=[], topological_order=False, names_only=False, paths_only=True, topological_graph=False, topological_graph_dot=False, topological_graph_density=False, topological_graph_legend=False, topological_graph_dot_cluster=False, topological_graph_dot_include_skipped=False, mixin_files=None, mixin=None, verb_parser=<colcon_mixin.mixin.mixin_argument.MixinArgumentDecorator object at 0x7520a2082ed0>, verb_extension=<colcon_package_information.verb.list.ListVerb object at 0x7520a21a9430>, main=<bound method ListVerb.main of <colcon_package_information.verb.list.ListVerb object at 0x7520a21a9430>>, mixin_verb=('list',))
[0.246s] Level 1:colcon.colcon_core.package_discovery:discover_packages(colcon_meta) check parameters
[0.246s] Level 1:colcon.colcon_core.package_discovery:discover_packages(recursive) check parameters
[0.246s] Level 1:colcon.colcon_core.package_discovery:discover_packages(ignore) check parameters
[0.246s] Level 1:colcon.colcon_core.package_discovery:discover_packages(path) check parameters
[0.246s] Level 1:colcon.colcon_core.package_discovery:discover_packages(recursive) discover
[0.246s] INFO:colcon.colcon_core.package_discovery:Crawling recursively for packages in '/home/dhonan/Workspaces/tereka/roswbt'
[0.247s] Level 1:colcon.colcon_core.package_identification:_identify(/home/dhonan/Workspaces/tereka/roswbt) by extensions ['ignore', 'ignore_ament_install']
[0.247s] Level 1:colcon.colcon_core.package_identification:_identify(/home/dhonan/Workspaces/tereka/roswbt) by extension 'ignore'
[0.247s] Level 1:colcon.colcon_core.package_identification:_identify(/home/dhonan/Workspaces/tereka/roswbt) by extension 'ignore_ament_install'
[0.247s] Level 1:colcon.colcon_core.package_identification:_identify(/home/dhonan/Workspaces/tereka/roswbt) by extensions ['colcon_pkg']
[0.247s] Level 1:colcon.colcon_core.package_identification:_identify(/home/dhonan/Workspaces/tereka/roswbt) by extension 'colcon_pkg'
[0.247s] Level 1:colcon.colcon_core.package_identification:_identify(/home/dhonan/Workspaces/tereka/roswbt) by extensions ['colcon_meta']
[0.247s] Level 1:colcon.colcon_core.package_identification:_identify(/home/dhonan/Workspaces/tereka/roswbt) by extension 'colcon_meta'
[0.247s] Level 1:colcon.colcon_core.package_identification:_identify(/home/dhonan/Workspaces/tereka/roswbt) by extensions ['ros']
[0.247s] Level 1:colcon.colcon_core.package_identification:_identify(/home/dhonan/Workspaces/tereka/roswbt) by extension 'ros'
[0.300s] Level 1:colcon.colcon_core.package_identification:_identify(/home/dhonan/Workspaces/tereka/roswbt) by extensions ['cmake', 'python']
[0.300s] Level 1:colcon.colcon_core.package_identification:_identify(/home/dhonan/Workspaces/tereka/roswbt) by extension 'cmake'
[0.300s] Level 1:colcon.colcon_core.package_identification:_identify(/home/dhonan/Workspaces/tereka/roswbt) by extension 'python'
[0.300s] Level 1:colcon.colcon_core.package_identification:_identify(/home/dhonan/Workspaces/tereka/roswbt) by extensions ['python_setup_py']
[0.300s] Level 1:colcon.colcon_core.package_identification:_identify(/home/dhonan/Workspaces/tereka/roswbt) by extension 'python_setup_py'
[0.300s] Level 1:colcon.colcon_core.package_identification:_identify(/home/dhonan/Workspaces/tereka/roswbt/log) by extensions ['ignore', 'ignore_ament_install']
[0.300s] Level 1:colcon.colcon_core.package_identification:_identify(/home/dhonan/Workspaces/tereka/roswbt/log) by extension 'ignore'
[0.301s] Level 1:colcon.colcon_core.package_identification:_identify(/home/dhonan/Workspaces/tereka/roswbt/log) ignored
[0.301s] Level 1:colcon.colcon_core.package_identification:_identify(/home/dhonan/Workspaces/tereka/roswbt/src) by extensions ['ignore', 'ignore_ament_install']
[0.301s] Level 1:colcon.colcon_core.package_identification:_identify(/home/dhonan/Workspaces/tereka/roswbt/src) by extension 'ignore'
[0.301s] Level 1:colcon.colcon_core.package_identification:_identify(/home/dhonan/Workspaces/tereka/roswbt/src) by extension 'ignore_ament_install'
[0.301s] Level 1:colcon.colcon_core.package_identification:_identify(/home/dhonan/Workspaces/tereka/roswbt/src) by extensions ['colcon_pkg']
[0.301s] Level 1:colcon.colcon_core.package_identification:_identify(/home/dhonan/Workspaces/tereka/roswbt/src) by extension 'colcon_pkg'
[0.301s] Level 1:colcon.colcon_core.package_identification:_identify(/home/dhonan/Workspaces/tereka/roswbt/src) by extensions ['colcon_meta']
[0.301s] Level 1:colcon.colcon_core.package_identification:_identify(/home/dhonan/Workspaces/tereka/roswbt/src) by extension 'colcon_meta'
[0.301s] Level 1:colcon.colcon_core.package_identification:_identify(/home/dhonan/Workspaces/tereka/roswbt/src) by extensions ['ros']
[0.301s] Level 1:colcon.colcon_core.package_identification:_identify(/home/dhonan/Workspaces/tereka/roswbt/src) by extension 'ros'
[0.301s] Level 1:colcon.colcon_core.package_identification:_identify(/home/dhonan/Workspaces/tereka/roswbt/src) by extensions ['cmake', 'python']
[0.301s] Level 1:colcon.colcon_core.package_identification:_identify(/home/dhonan/Workspaces/tereka/roswbt/src) by extension 'cmake'
[0.302s] Level 1:colcon.colcon_core.package_identification:_identify(/home/dhonan/Workspaces/tereka/roswbt/src) by extension 'python'
[0.302s] Level 1:colcon.colcon_core.package_identification:_identify(/home/dhonan/Workspaces/tereka/roswbt/src) by extensions ['python_setup_py']
[0.302s] Level 1:colcon.colcon_core.package_identification:_identify(/home/dhonan/Workspaces/tereka/roswbt/src) by extension 'python_setup_py'
[0.302s] Level 1:colcon.colcon_core.package_identification:_identify(/home/dhonan/Workspaces/tereka/roswbt/src/tereka_launcher) by extensions ['ignore', 'ignore_ament_install']
[0.302s] Level 1:colcon.colcon_core.package_identification:_identify(/home/dhonan/Workspaces/tereka/roswbt/src/tereka_launcher) by extension 'ignore'
[0.302s] Level 1:colcon.colcon_core.package_identification:_identify(/home/dhonan/Workspaces/tereka/roswbt/src/tereka_launcher) by extension 'ignore_ament_install'
[0.302s] Level 1:colcon.colcon_core.package_identification:_identify(/home/dhonan/Workspaces/tereka/roswbt/src/tereka_launcher) by extensions ['colcon_pkg']
[0.302s] Level 1:colcon.colcon_core.package_identification:_identify(/home/dhonan/Workspaces/tereka/roswbt/src/tereka_launcher) by extension 'colcon_pkg'
[0.302s] Level 1:colcon.colcon_core.package_identification:_identify(/home/dhonan/Workspaces/tereka/roswbt/src/tereka_launcher) by extensions ['colcon_meta']
[0.302s] Level 1:colcon.colcon_core.package_identification:_identify(/home/dhonan/Workspaces/tereka/roswbt/src/tereka_launcher) by extension 'colcon_meta'
[0.302s] Level 1:colcon.colcon_core.package_identification:_identify(/home/dhonan/Workspaces/tereka/roswbt/src/tereka_launcher) by extensions ['ros']
[0.302s] Level 1:colcon.colcon_core.package_identification:_identify(/home/dhonan/Workspaces/tereka/roswbt/src/tereka_launcher) by extension 'ros'
[0.306s] DEBUG:colcon.colcon_core.package_identification:Package '/home/dhonan/Workspaces/tereka/roswbt/src/tereka_launcher' with type 'ros.ament_python' and name 'tereka_launcher'
[0.306s] Level 1:colcon.colcon_core.package_identification:_identify(/home/dhonan/Workspaces/tereka/roswbt/src/tereka_serial) by extensions ['ignore', 'ignore_ament_install']
[0.306s] Level 1:colcon.colcon_core.package_identification:_identify(/home/dhonan/Workspaces/tereka/roswbt/src/tereka_serial) by extension 'ignore'
[0.306s] Level 1:colcon.colcon_core.package_identification:_identify(/home/dhonan/Workspaces/tereka/roswbt/src/tereka_serial) by extension 'ignore_ament_install'
[0.306s] Level 1:colcon.colcon_core.package_identification:_identify(/home/dhonan/Workspaces/tereka/roswbt/src/tereka_serial) by extensions ['colcon_pkg']
[0.306s] Level 1:colcon.colcon_core.package_identification:_identify(/home/dhonan/Workspaces/tereka/roswbt/src/tereka_serial) by extension 'colcon_pkg'
[0.307s] Level 1:colcon.colcon_core.package_identification:_identify(/home/dhonan/Workspaces/tereka/roswbt/src/tereka_serial) by extensions ['colcon_meta']
[0.307s] Level 1:colcon.colcon_core.package_identification:_identify(/home/dhonan/Workspaces/tereka/roswbt/src/tereka_serial) by extension 'colcon_meta'
[0.307s] Level 1:colcon.colcon_core.package_identification:_identify(/home/dhonan/Workspaces/tereka/roswbt/src/tereka_serial) by extensions ['ros']
[0.307s] Level 1:colcon.colcon_core.package_identification:_identify(/home/dhonan/Workspaces/tereka/roswbt/src/tereka_serial) by extension 'ros'
[0.308s] DEBUG:colcon.colcon_core.package_identification:Package '/home/dhonan/Workspaces/tereka/roswbt/src/tereka_serial' with type 'ros.ament_python' and name 'tereka_serial'
[0.308s] Level 1:colcon.colcon_core.package_discovery:discover_packages(recursive) using defaults
