running egg_info
writing ../../build/tereka_launcher/tereka_launcher.egg-info/PKG-INFO
writing dependency_links to ../../build/tereka_launcher/tereka_launcher.egg-info/dependency_links.txt
writing entry points to ../../build/tereka_launcher/tereka_launcher.egg-info/entry_points.txt
writing requirements to ../../build/tereka_launcher/tereka_launcher.egg-info/requires.txt
writing top-level names to ../../build/tereka_launcher/tereka_launcher.egg-info/top_level.txt
reading manifest file '../../build/tereka_launcher/tereka_launcher.egg-info/SOURCES.txt'
writing manifest file '../../build/tereka_launcher/tereka_launcher.egg-info/SOURCES.txt'
running build
running build_py
copying tereka_launcher/modules/truck_driver.py -> /home/dhonan/Workspaces/tereka/roswbt/build/tereka_launcher/build/lib/tereka_launcher/modules
running install
running install_lib
copying /home/dhonan/Workspaces/tereka/roswbt/build/tereka_launcher/build/lib/tereka_launcher/modules/truck_driver.py -> /home/dhonan/Workspaces/tereka/roswbt/install/tereka_launcher/lib/python3.12/site-packages/tereka_launcher/modules
byte-compiling /home/dhonan/Workspaces/tereka/roswbt/install/tereka_launcher/lib/python3.12/site-packages/tereka_launcher/modules/truck_driver.py to truck_driver.cpython-312.pyc
running install_data
running install_egg_info
removing '/home/dhonan/Workspaces/tereka/roswbt/install/tereka_launcher/lib/python3.12/site-packages/tereka_launcher-0.0.0-py3.12.egg-info' (and everything under it)
Copying ../../build/tereka_launcher/tereka_launcher.egg-info to /home/dhonan/Workspaces/tereka/roswbt/install/tereka_launcher/lib/python3.12/site-packages/tereka_launcher-0.0.0-py3.12.egg-info
running install_scripts
Installing truck script to /home/dhonan/Workspaces/tereka/roswbt/install/tereka_launcher/lib/tereka_launcher
writing list of installed files to '/home/dhonan/Workspaces/tereka/roswbt/build/tereka_launcher/install.log'
