[1.492s] Invoking command in '/home/dhonan/Workspaces/tereka/roswbt/src/tereka_serial': DEBUGINFOD_URLS=https://debuginfod.ubuntu.com PYTHONPATH=/home/dhonan/Workspaces/tereka/roswbt/build/tereka_serial/prefix_override:/usr/lib/python3/dist-packages/colcon_core/task/python/colcon_distutils_commands:/home/dhonan/Workspaces/tereka/roswbt/install/tereka_serial/lib/python3.12/site-packages:${PYTHONPATH} VIRTUAL_ENV_PROMPT=(.venv) /usr/bin/python3 -W ignore:setup.py install is deprecated setup.py egg_info --egg-base ../../build/tereka_serial build --build-base /home/dhonan/Workspaces/tereka/roswbt/build/tereka_serial/build install --record /home/dhonan/Workspaces/tereka/roswbt/build/tereka_serial/install.log --single-version-externally-managed install_data
[1.867s] running egg_info
[1.897s] writing ../../build/tereka_serial/tereka_serial.egg-info/PKG-INFO
[1.897s] writing dependency_links to ../../build/tereka_serial/tereka_serial.egg-info/dependency_links.txt
[1.897s] writing entry points to ../../build/tereka_serial/tereka_serial.egg-info/entry_points.txt
[1.897s] writing requirements to ../../build/tereka_serial/tereka_serial.egg-info/requires.txt
[1.897s] writing top-level names to ../../build/tereka_serial/tereka_serial.egg-info/top_level.txt
[1.958s] reading manifest file '../../build/tereka_serial/tereka_serial.egg-info/SOURCES.txt'
[1.959s] writing manifest file '../../build/tereka_serial/tereka_serial.egg-info/SOURCES.txt'
[1.959s] running build
[1.959s] running build_py
[1.960s] copying tereka_serial/modules/serial_node.py -> /home/dhonan/Workspaces/tereka/roswbt/build/tereka_serial/build/lib/tereka_serial/modules
[1.960s] running install
[1.969s] running install_lib
[1.997s] copying /home/dhonan/Workspaces/tereka/roswbt/build/tereka_serial/build/lib/tereka_serial/modules/serial_node.py -> /home/dhonan/Workspaces/tereka/roswbt/install/tereka_serial/lib/python3.12/site-packages/tereka_serial/modules
[1.998s] byte-compiling /home/dhonan/Workspaces/tereka/roswbt/install/tereka_serial/lib/python3.12/site-packages/tereka_serial/modules/serial_node.py to serial_node.cpython-312.pyc
[1.999s] running install_data
[1.999s] running install_egg_info
[2.038s] removing '/home/dhonan/Workspaces/tereka/roswbt/install/tereka_serial/lib/python3.12/site-packages/tereka_serial-0.0.0-py3.12.egg-info' (and everything under it)
[2.038s] Copying ../../build/tereka_serial/tereka_serial.egg-info to /home/dhonan/Workspaces/tereka/roswbt/install/tereka_serial/lib/python3.12/site-packages/tereka_serial-0.0.0-py3.12.egg-info
[2.039s] running install_scripts
[2.228s] Installing main script to /home/dhonan/Workspaces/tereka/roswbt/install/tereka_serial/lib/tereka_serial
[2.228s] writing list of installed files to '/home/dhonan/Workspaces/tereka/roswbt/build/tereka_serial/install.log'
[2.268s] Invoked command in '/home/dhonan/Workspaces/tereka/roswbt/src/tereka_serial' returned '0': DEBUGINFOD_URLS=https://debuginfod.ubuntu.com PYTHONPATH=/home/dhonan/Workspaces/tereka/roswbt/build/tereka_serial/prefix_override:/usr/lib/python3/dist-packages/colcon_core/task/python/colcon_distutils_commands:/home/dhonan/Workspaces/tereka/roswbt/install/tereka_serial/lib/python3.12/site-packages:${PYTHONPATH} VIRTUAL_ENV_PROMPT=(.venv) /usr/bin/python3 -W ignore:setup.py install is deprecated setup.py egg_info --egg-base ../../build/tereka_serial build --build-base /home/dhonan/Workspaces/tereka/roswbt/build/tereka_serial/build install --record /home/dhonan/Workspaces/tereka/roswbt/build/tereka_serial/install.log --single-version-externally-managed install_data
