[0.122s] DEBUG:colcon:Command line arguments: ['/usr/bin/colcon', 'build']
[0.122s] DEBUG:colcon:Parsed command line arguments: Namespace(log_base=None, log_level=None, verb_name='build', build_base='build', install_base='install', merge_install=False, symlink_install=False, test_result_base=None, continue_on_error=False, executor='parallel', parallel_workers=8, event_handlers=None, ignore_user_meta=False, metas=['./colcon.meta'], base_paths=['.'], packages_ignore=None, packages_ignore_regex=None, paths=None, packages_up_to=None, packages_up_to_regex=None, packages_above=None, packages_above_and_dependencies=None, packages_above_depth=None, packages_select_by_dep=None, packages_skip_by_dep=None, packages_skip_up_to=None, packages_select_build_failed=False, packages_skip_build_finished=False, packages_select_test_failures=False, packages_skip_test_passed=False, packages_select=None, packages_skip=None, packages_select_regex=None, packages_skip_regex=None, packages_start=None, packages_end=None, allow_overriding=[], cmake_args=None, cmake_target=None, cmake_target_skip_unavailable=False, cmake_clean_cache=False, cmake_clean_first=False, cmake_force_configure=False, ament_cmake_args=None, catkin_cmake_args=None, catkin_skip_building_tests=False, mixin_files=None, mixin=None, verb_parser=<colcon_mixin.mixin.mixin_argument.MixinArgumentDecorator object at 0x788a1616ab70>, verb_extension=<colcon_core.verb.build.BuildVerb object at 0x788a16118980>, main=<bound method BuildVerb.main of <colcon_core.verb.build.BuildVerb object at 0x788a16118980>>, mixin_verb=('build',))
[0.163s] Level 1:colcon.colcon_core.package_discovery:discover_packages(colcon_meta) check parameters
[0.163s] Level 1:colcon.colcon_core.package_discovery:discover_packages(recursive) check parameters
[0.163s] Level 1:colcon.colcon_core.package_discovery:discover_packages(ignore) check parameters
[0.163s] Level 1:colcon.colcon_core.package_discovery:discover_packages(path) check parameters
[0.163s] Level 1:colcon.colcon_core.package_discovery:discover_packages(colcon_meta) discover
[0.163s] Level 1:colcon.colcon_core.package_discovery:discover_packages(recursive) discover
[0.163s] INFO:colcon.colcon_core.package_discovery:Crawling recursively for packages in '/home/dhonan/Workspaces/tereka/roswbt'
[0.163s] Level 1:colcon.colcon_core.package_identification:_identify(.) by extensions ['ignore', 'ignore_ament_install']
[0.163s] Level 1:colcon.colcon_core.package_identification:_identify(.) by extension 'ignore'
[0.163s] Level 1:colcon.colcon_core.package_identification:_identify(.) by extension 'ignore_ament_install'
[0.163s] Level 1:colcon.colcon_core.package_identification:_identify(.) by extensions ['colcon_pkg']
[0.164s] Level 1:colcon.colcon_core.package_identification:_identify(.) by extension 'colcon_pkg'
[0.164s] Level 1:colcon.colcon_core.package_identification:_identify(.) by extensions ['colcon_meta']
[0.164s] Level 1:colcon.colcon_core.package_identification:_identify(.) by extension 'colcon_meta'
[0.164s] Level 1:colcon.colcon_core.package_identification:_identify(.) by extensions ['ros']
[0.164s] Level 1:colcon.colcon_core.package_identification:_identify(.) by extension 'ros'
[0.189s] Level 1:colcon.colcon_core.package_identification:_identify(.) by extensions ['cmake', 'python']
[0.189s] Level 1:colcon.colcon_core.package_identification:_identify(.) by extension 'cmake'
[0.190s] Level 1:colcon.colcon_core.package_identification:_identify(.) by extension 'python'
[0.190s] Level 1:colcon.colcon_core.package_identification:_identify(.) by extensions ['python_setup_py']
[0.190s] Level 1:colcon.colcon_core.package_identification:_identify(.) by extension 'python_setup_py'
[0.190s] Level 1:colcon.colcon_core.package_identification:_identify(build) by extensions ['ignore', 'ignore_ament_install']
[0.190s] Level 1:colcon.colcon_core.package_identification:_identify(build) by extension 'ignore'
[0.190s] Level 1:colcon.colcon_core.package_identification:_identify(build) ignored
[0.190s] Level 1:colcon.colcon_core.package_identification:_identify(install) by extensions ['ignore', 'ignore_ament_install']
[0.190s] Level 1:colcon.colcon_core.package_identification:_identify(install) by extension 'ignore'
[0.190s] Level 1:colcon.colcon_core.package_identification:_identify(install) ignored
[0.191s] Level 1:colcon.colcon_core.package_identification:_identify(log) by extensions ['ignore', 'ignore_ament_install']
[0.191s] Level 1:colcon.colcon_core.package_identification:_identify(log) by extension 'ignore'
[0.191s] Level 1:colcon.colcon_core.package_identification:_identify(log) ignored
[0.191s] Level 1:colcon.colcon_core.package_identification:_identify(src) by extensions ['ignore', 'ignore_ament_install']
[0.191s] Level 1:colcon.colcon_core.package_identification:_identify(src) by extension 'ignore'
[0.191s] Level 1:colcon.colcon_core.package_identification:_identify(src) by extension 'ignore_ament_install'
[0.191s] Level 1:colcon.colcon_core.package_identification:_identify(src) by extensions ['colcon_pkg']
[0.191s] Level 1:colcon.colcon_core.package_identification:_identify(src) by extension 'colcon_pkg'
[0.191s] Level 1:colcon.colcon_core.package_identification:_identify(src) by extensions ['colcon_meta']
[0.191s] Level 1:colcon.colcon_core.package_identification:_identify(src) by extension 'colcon_meta'
[0.191s] Level 1:colcon.colcon_core.package_identification:_identify(src) by extensions ['ros']
[0.191s] Level 1:colcon.colcon_core.package_identification:_identify(src) by extension 'ros'
[0.192s] Level 1:colcon.colcon_core.package_identification:_identify(src) by extensions ['cmake', 'python']
[0.192s] Level 1:colcon.colcon_core.package_identification:_identify(src) by extension 'cmake'
[0.192s] Level 1:colcon.colcon_core.package_identification:_identify(src) by extension 'python'
[0.192s] Level 1:colcon.colcon_core.package_identification:_identify(src) by extensions ['python_setup_py']
[0.192s] Level 1:colcon.colcon_core.package_identification:_identify(src) by extension 'python_setup_py'
[0.192s] Level 1:colcon.colcon_core.package_identification:_identify(src/tereka_launcher) by extensions ['ignore', 'ignore_ament_install']
[0.192s] Level 1:colcon.colcon_core.package_identification:_identify(src/tereka_launcher) by extension 'ignore'
[0.192s] Level 1:colcon.colcon_core.package_identification:_identify(src/tereka_launcher) by extension 'ignore_ament_install'
[0.192s] Level 1:colcon.colcon_core.package_identification:_identify(src/tereka_launcher) by extensions ['colcon_pkg']
[0.192s] Level 1:colcon.colcon_core.package_identification:_identify(src/tereka_launcher) by extension 'colcon_pkg'
[0.192s] Level 1:colcon.colcon_core.package_identification:_identify(src/tereka_launcher) by extensions ['colcon_meta']
[0.192s] Level 1:colcon.colcon_core.package_identification:_identify(src/tereka_launcher) by extension 'colcon_meta'
[0.192s] Level 1:colcon.colcon_core.package_identification:_identify(src/tereka_launcher) by extensions ['ros']
[0.192s] Level 1:colcon.colcon_core.package_identification:_identify(src/tereka_launcher) by extension 'ros'
[0.195s] DEBUG:colcon.colcon_core.package_identification:Package 'src/tereka_launcher' with type 'ros.ament_python' and name 'tereka_launcher'
[0.195s] Level 1:colcon.colcon_core.package_identification:_identify(src/tereka_serial) by extensions ['ignore', 'ignore_ament_install']
[0.195s] Level 1:colcon.colcon_core.package_identification:_identify(src/tereka_serial) by extension 'ignore'
[0.195s] Level 1:colcon.colcon_core.package_identification:_identify(src/tereka_serial) by extension 'ignore_ament_install'
[0.195s] Level 1:colcon.colcon_core.package_identification:_identify(src/tereka_serial) by extensions ['colcon_pkg']
[0.195s] Level 1:colcon.colcon_core.package_identification:_identify(src/tereka_serial) by extension 'colcon_pkg'
[0.195s] Level 1:colcon.colcon_core.package_identification:_identify(src/tereka_serial) by extensions ['colcon_meta']
[0.195s] Level 1:colcon.colcon_core.package_identification:_identify(src/tereka_serial) by extension 'colcon_meta'
[0.195s] Level 1:colcon.colcon_core.package_identification:_identify(src/tereka_serial) by extensions ['ros']
[0.195s] Level 1:colcon.colcon_core.package_identification:_identify(src/tereka_serial) by extension 'ros'
[0.196s] DEBUG:colcon.colcon_core.package_identification:Package 'src/tereka_serial' with type 'ros.ament_python' and name 'tereka_serial'
[0.196s] Level 1:colcon.colcon_core.package_discovery:discover_packages(recursive) using defaults
[0.196s] Level 1:colcon.colcon_core.package_discovery:discover_packages(ignore) discover
[0.196s] Level 1:colcon.colcon_core.package_discovery:discover_packages(ignore) using defaults
[0.196s] Level 1:colcon.colcon_core.package_discovery:discover_packages(path) discover
[0.196s] Level 1:colcon.colcon_core.package_discovery:discover_packages(path) using defaults
[0.216s] Level 1:colcon.colcon_core.package_discovery:discover_packages(prefix_path) check parameters
[0.216s] Level 1:colcon.colcon_core.package_discovery:discover_packages(prefix_path) discover
[0.218s] DEBUG:colcon.colcon_installed_package_information.package_discovery:Found 2 installed packages in /home/dhonan/Workspaces/tereka/roswbt/install
[0.220s] DEBUG:colcon.colcon_installed_package_information.package_discovery:Found 319 installed packages in /opt/ros/rolling
[0.221s] Level 1:colcon.colcon_core.package_discovery:discover_packages(prefix_path) using defaults
[0.274s] Level 5:colcon.colcon_core.verb:set package 'tereka_launcher' build argument 'cmake_args' from command line to 'None'
[0.274s] Level 5:colcon.colcon_core.verb:set package 'tereka_launcher' build argument 'cmake_target' from command line to 'None'
[0.274s] Level 5:colcon.colcon_core.verb:set package 'tereka_launcher' build argument 'cmake_target_skip_unavailable' from command line to 'False'
[0.275s] Level 5:colcon.colcon_core.verb:set package 'tereka_launcher' build argument 'cmake_clean_cache' from command line to 'False'
[0.275s] Level 5:colcon.colcon_core.verb:set package 'tereka_launcher' build argument 'cmake_clean_first' from command line to 'False'
[0.275s] Level 5:colcon.colcon_core.verb:set package 'tereka_launcher' build argument 'cmake_force_configure' from command line to 'False'
[0.275s] Level 5:colcon.colcon_core.verb:set package 'tereka_launcher' build argument 'ament_cmake_args' from command line to 'None'
[0.275s] Level 5:colcon.colcon_core.verb:set package 'tereka_launcher' build argument 'catkin_cmake_args' from command line to 'None'
[0.275s] Level 5:colcon.colcon_core.verb:set package 'tereka_launcher' build argument 'catkin_skip_building_tests' from command line to 'False'
[0.275s] DEBUG:colcon.colcon_core.verb:Building package 'tereka_launcher' with the following arguments: {'ament_cmake_args': None, 'build_base': '/home/dhonan/Workspaces/tereka/roswbt/build/tereka_launcher', 'catkin_cmake_args': None, 'catkin_skip_building_tests': False, 'cmake_args': None, 'cmake_clean_cache': False, 'cmake_clean_first': False, 'cmake_force_configure': False, 'cmake_target': None, 'cmake_target_skip_unavailable': False, 'install_base': '/home/dhonan/Workspaces/tereka/roswbt/install/tereka_launcher', 'merge_install': False, 'path': '/home/dhonan/Workspaces/tereka/roswbt/src/tereka_launcher', 'symlink_install': False, 'test_result_base': None}
[0.275s] Level 5:colcon.colcon_core.verb:set package 'tereka_serial' build argument 'cmake_args' from command line to 'None'
[0.275s] Level 5:colcon.colcon_core.verb:set package 'tereka_serial' build argument 'cmake_target' from command line to 'None'
[0.275s] Level 5:colcon.colcon_core.verb:set package 'tereka_serial' build argument 'cmake_target_skip_unavailable' from command line to 'False'
[0.275s] Level 5:colcon.colcon_core.verb:set package 'tereka_serial' build argument 'cmake_clean_cache' from command line to 'False'
[0.275s] Level 5:colcon.colcon_core.verb:set package 'tereka_serial' build argument 'cmake_clean_first' from command line to 'False'
[0.275s] Level 5:colcon.colcon_core.verb:set package 'tereka_serial' build argument 'cmake_force_configure' from command line to 'False'
[0.275s] Level 5:colcon.colcon_core.verb:set package 'tereka_serial' build argument 'ament_cmake_args' from command line to 'None'
[0.275s] Level 5:colcon.colcon_core.verb:set package 'tereka_serial' build argument 'catkin_cmake_args' from command line to 'None'
[0.275s] Level 5:colcon.colcon_core.verb:set package 'tereka_serial' build argument 'catkin_skip_building_tests' from command line to 'False'
[0.275s] DEBUG:colcon.colcon_core.verb:Building package 'tereka_serial' with the following arguments: {'ament_cmake_args': None, 'build_base': '/home/dhonan/Workspaces/tereka/roswbt/build/tereka_serial', 'catkin_cmake_args': None, 'catkin_skip_building_tests': False, 'cmake_args': None, 'cmake_clean_cache': False, 'cmake_clean_first': False, 'cmake_force_configure': False, 'cmake_target': None, 'cmake_target_skip_unavailable': False, 'install_base': '/home/dhonan/Workspaces/tereka/roswbt/install/tereka_serial', 'merge_install': False, 'path': '/home/dhonan/Workspaces/tereka/roswbt/src/tereka_serial', 'symlink_install': False, 'test_result_base': None}
[0.275s] INFO:colcon.colcon_core.executor:Executing jobs using 'parallel' executor
[0.277s] DEBUG:colcon.colcon_parallel_executor.executor.parallel:run_until_complete
[0.277s] INFO:colcon.colcon_ros.task.ament_python.build:Building ROS package in '/home/dhonan/Workspaces/tereka/roswbt/src/tereka_launcher' with build type 'ament_python'
[0.277s] Level 1:colcon.colcon_core.shell:create_environment_hook('tereka_launcher', 'ament_prefix_path')
[0.280s] INFO:colcon.colcon_core.plugin_system:Skipping extension 'colcon_core.shell.bat': Not used on non-Windows systems
[0.280s] INFO:colcon.colcon_core.shell:Creating environment hook '/home/dhonan/Workspaces/tereka/roswbt/install/tereka_launcher/share/tereka_launcher/hook/ament_prefix_path.ps1'
[0.281s] INFO:colcon.colcon_core.shell:Creating environment descriptor '/home/dhonan/Workspaces/tereka/roswbt/install/tereka_launcher/share/tereka_launcher/hook/ament_prefix_path.dsv'
[0.281s] INFO:colcon.colcon_core.shell:Creating environment hook '/home/dhonan/Workspaces/tereka/roswbt/install/tereka_launcher/share/tereka_launcher/hook/ament_prefix_path.sh'
[0.282s] INFO:colcon.colcon_core.shell:Skip shell extension 'powershell' for command environment: Not usable outside of PowerShell
[0.282s] DEBUG:colcon.colcon_core.shell:Skip shell extension 'dsv' for command environment
[0.286s] INFO:colcon.colcon_ros.task.ament_python.build:Building ROS package in '/home/dhonan/Workspaces/tereka/roswbt/src/tereka_serial' with build type 'ament_python'
[0.287s] Level 1:colcon.colcon_core.shell:create_environment_hook('tereka_serial', 'ament_prefix_path')
[0.287s] INFO:colcon.colcon_core.shell:Creating environment hook '/home/dhonan/Workspaces/tereka/roswbt/install/tereka_serial/share/tereka_serial/hook/ament_prefix_path.ps1'
[0.288s] INFO:colcon.colcon_core.shell:Creating environment descriptor '/home/dhonan/Workspaces/tereka/roswbt/install/tereka_serial/share/tereka_serial/hook/ament_prefix_path.dsv'
[0.288s] INFO:colcon.colcon_core.shell:Creating environment hook '/home/dhonan/Workspaces/tereka/roswbt/install/tereka_serial/share/tereka_serial/hook/ament_prefix_path.sh'
[0.289s] INFO:colcon.colcon_core.shell:Skip shell extension 'powershell' for command environment: Not usable outside of PowerShell
[0.289s] DEBUG:colcon.colcon_core.shell:Skip shell extension 'dsv' for command environment
[0.593s] INFO:colcon.colcon_core.task.python.build:Building Python package in '/home/dhonan/Workspaces/tereka/roswbt/src/tereka_launcher'
[0.593s] INFO:colcon.colcon_core.shell:Skip shell extension 'powershell' for command environment: Not usable outside of PowerShell
[0.593s] DEBUG:colcon.colcon_core.shell:Skip shell extension 'dsv' for command environment
[0.957s] INFO:colcon.colcon_core.task.python.build:Building Python package in '/home/dhonan/Workspaces/tereka/roswbt/src/tereka_serial'
[0.958s] INFO:colcon.colcon_core.shell:Skip shell extension 'powershell' for command environment: Not usable outside of PowerShell
[0.958s] DEBUG:colcon.colcon_core.shell:Skip shell extension 'dsv' for command environment
[1.793s] DEBUG:colcon.colcon_core.event_handler.log_command:Invoking command in '/home/dhonan/Workspaces/tereka/roswbt/src/tereka_launcher': DEBUGINFOD_URLS=https://debuginfod.ubuntu.com PYTHONPATH=/home/dhonan/Workspaces/tereka/roswbt/build/tereka_launcher/prefix_override:/usr/lib/python3/dist-packages/colcon_core/task/python/colcon_distutils_commands:/home/dhonan/Workspaces/tereka/roswbt/install/tereka_launcher/lib/python3.12/site-packages:${PYTHONPATH} VIRTUAL_ENV_PROMPT=(.venv) /usr/bin/python3 -W ignore:setup.py install is deprecated setup.py egg_info --egg-base ../../build/tereka_launcher build --build-base /home/dhonan/Workspaces/tereka/roswbt/build/tereka_launcher/build install --record /home/dhonan/Workspaces/tereka/roswbt/build/tereka_launcher/install.log --single-version-externally-managed install_data
[1.796s] DEBUG:colcon.colcon_core.event_handler.log_command:Invoking command in '/home/dhonan/Workspaces/tereka/roswbt/src/tereka_serial': DEBUGINFOD_URLS=https://debuginfod.ubuntu.com PYTHONPATH=/home/dhonan/Workspaces/tereka/roswbt/build/tereka_serial/prefix_override:/usr/lib/python3/dist-packages/colcon_core/task/python/colcon_distutils_commands:/home/dhonan/Workspaces/tereka/roswbt/install/tereka_serial/lib/python3.12/site-packages:${PYTHONPATH} VIRTUAL_ENV_PROMPT=(.venv) /usr/bin/python3 -W ignore:setup.py install is deprecated setup.py egg_info --egg-base ../../build/tereka_serial build --build-base /home/dhonan/Workspaces/tereka/roswbt/build/tereka_serial/build install --record /home/dhonan/Workspaces/tereka/roswbt/build/tereka_serial/install.log --single-version-externally-managed install_data
[2.577s] DEBUG:colcon.colcon_core.event_handler.log_command:Invoked command in '/home/dhonan/Workspaces/tereka/roswbt/src/tereka_serial' returned '0': DEBUGINFOD_URLS=https://debuginfod.ubuntu.com PYTHONPATH=/home/dhonan/Workspaces/tereka/roswbt/build/tereka_serial/prefix_override:/usr/lib/python3/dist-packages/colcon_core/task/python/colcon_distutils_commands:/home/dhonan/Workspaces/tereka/roswbt/install/tereka_serial/lib/python3.12/site-packages:${PYTHONPATH} VIRTUAL_ENV_PROMPT=(.venv) /usr/bin/python3 -W ignore:setup.py install is deprecated setup.py egg_info --egg-base ../../build/tereka_serial build --build-base /home/dhonan/Workspaces/tereka/roswbt/build/tereka_serial/build install --record /home/dhonan/Workspaces/tereka/roswbt/build/tereka_serial/install.log --single-version-externally-managed install_data
[2.579s] Level 1:colcon.colcon_core.environment:checking '/home/dhonan/Workspaces/tereka/roswbt/install/tereka_serial' for CMake module files
[2.580s] Level 1:colcon.colcon_core.environment:checking '/home/dhonan/Workspaces/tereka/roswbt/install/tereka_serial' for CMake config files
[2.581s] Level 1:colcon.colcon_core.environment:checking '/home/dhonan/Workspaces/tereka/roswbt/install/tereka_serial/lib'
[2.581s] Level 1:colcon.colcon_core.environment:checking '/home/dhonan/Workspaces/tereka/roswbt/install/tereka_serial/bin'
[2.581s] Level 1:colcon.colcon_core.environment:checking '/home/dhonan/Workspaces/tereka/roswbt/install/tereka_serial/lib/pkgconfig/tereka_serial.pc'
[2.582s] Level 1:colcon.colcon_core.environment:checking '/home/dhonan/Workspaces/tereka/roswbt/install/tereka_serial/lib/python3.12/site-packages'
[2.582s] Level 1:colcon.colcon_core.shell:create_environment_hook('tereka_serial', 'pythonpath')
[2.583s] INFO:colcon.colcon_core.shell:Creating environment hook '/home/dhonan/Workspaces/tereka/roswbt/install/tereka_serial/share/tereka_serial/hook/pythonpath.ps1'
[2.583s] INFO:colcon.colcon_core.shell:Creating environment descriptor '/home/dhonan/Workspaces/tereka/roswbt/install/tereka_serial/share/tereka_serial/hook/pythonpath.dsv'
[2.584s] INFO:colcon.colcon_core.shell:Creating environment hook '/home/dhonan/Workspaces/tereka/roswbt/install/tereka_serial/share/tereka_serial/hook/pythonpath.sh'
[2.584s] Level 1:colcon.colcon_core.environment:checking '/home/dhonan/Workspaces/tereka/roswbt/install/tereka_serial/bin'
[2.585s] Level 1:colcon.colcon_core.environment:create_environment_scripts_only(tereka_serial)
[2.585s] INFO:colcon.colcon_core.shell:Creating package script '/home/dhonan/Workspaces/tereka/roswbt/install/tereka_serial/share/tereka_serial/package.ps1'
[2.586s] INFO:colcon.colcon_core.shell:Creating package descriptor '/home/dhonan/Workspaces/tereka/roswbt/install/tereka_serial/share/tereka_serial/package.dsv'
[2.587s] INFO:colcon.colcon_core.shell:Creating package script '/home/dhonan/Workspaces/tereka/roswbt/install/tereka_serial/share/tereka_serial/package.sh'
[2.588s] INFO:colcon.colcon_core.shell:Creating package script '/home/dhonan/Workspaces/tereka/roswbt/install/tereka_serial/share/tereka_serial/package.bash'
[2.590s] INFO:colcon.colcon_core.shell:Creating package script '/home/dhonan/Workspaces/tereka/roswbt/install/tereka_serial/share/tereka_serial/package.zsh'
[2.591s] Level 1:colcon.colcon_core.environment:create_file_with_runtime_dependencies(/home/dhonan/Workspaces/tereka/roswbt/install/tereka_serial/share/colcon-core/packages/tereka_serial)
[2.593s] Level 1:colcon.colcon_core.environment:checking '/home/dhonan/Workspaces/tereka/roswbt/install/tereka_launcher' for CMake module files
[2.594s] DEBUG:colcon.colcon_core.event_handler.log_command:Invoked command in '/home/dhonan/Workspaces/tereka/roswbt/src/tereka_launcher' returned '0': DEBUGINFOD_URLS=https://debuginfod.ubuntu.com PYTHONPATH=/home/dhonan/Workspaces/tereka/roswbt/build/tereka_launcher/prefix_override:/usr/lib/python3/dist-packages/colcon_core/task/python/colcon_distutils_commands:/home/dhonan/Workspaces/tereka/roswbt/install/tereka_launcher/lib/python3.12/site-packages:${PYTHONPATH} VIRTUAL_ENV_PROMPT=(.venv) /usr/bin/python3 -W ignore:setup.py install is deprecated setup.py egg_info --egg-base ../../build/tereka_launcher build --build-base /home/dhonan/Workspaces/tereka/roswbt/build/tereka_launcher/build install --record /home/dhonan/Workspaces/tereka/roswbt/build/tereka_launcher/install.log --single-version-externally-managed install_data
[2.594s] Level 1:colcon.colcon_core.environment:checking '/home/dhonan/Workspaces/tereka/roswbt/install/tereka_launcher' for CMake config files
[2.595s] Level 1:colcon.colcon_core.environment:checking '/home/dhonan/Workspaces/tereka/roswbt/install/tereka_launcher/lib'
[2.595s] Level 1:colcon.colcon_core.environment:checking '/home/dhonan/Workspaces/tereka/roswbt/install/tereka_launcher/bin'
[2.595s] Level 1:colcon.colcon_core.environment:checking '/home/dhonan/Workspaces/tereka/roswbt/install/tereka_launcher/lib/pkgconfig/tereka_launcher.pc'
[2.596s] Level 1:colcon.colcon_core.environment:checking '/home/dhonan/Workspaces/tereka/roswbt/install/tereka_launcher/lib/python3.12/site-packages'
[2.596s] Level 1:colcon.colcon_core.shell:create_environment_hook('tereka_launcher', 'pythonpath')
[2.596s] INFO:colcon.colcon_core.shell:Creating environment hook '/home/dhonan/Workspaces/tereka/roswbt/install/tereka_launcher/share/tereka_launcher/hook/pythonpath.ps1'
[2.597s] INFO:colcon.colcon_core.shell:Creating environment descriptor '/home/dhonan/Workspaces/tereka/roswbt/install/tereka_launcher/share/tereka_launcher/hook/pythonpath.dsv'
[2.597s] INFO:colcon.colcon_core.shell:Creating environment hook '/home/dhonan/Workspaces/tereka/roswbt/install/tereka_launcher/share/tereka_launcher/hook/pythonpath.sh'
[2.598s] Level 1:colcon.colcon_core.environment:checking '/home/dhonan/Workspaces/tereka/roswbt/install/tereka_launcher/bin'
[2.598s] Level 1:colcon.colcon_core.environment:create_environment_scripts_only(tereka_launcher)
[2.599s] INFO:colcon.colcon_core.shell:Creating package script '/home/dhonan/Workspaces/tereka/roswbt/install/tereka_launcher/share/tereka_launcher/package.ps1'
[2.599s] INFO:colcon.colcon_core.shell:Creating package descriptor '/home/dhonan/Workspaces/tereka/roswbt/install/tereka_launcher/share/tereka_launcher/package.dsv'
[2.600s] INFO:colcon.colcon_core.shell:Creating package script '/home/dhonan/Workspaces/tereka/roswbt/install/tereka_launcher/share/tereka_launcher/package.sh'
[2.601s] INFO:colcon.colcon_core.shell:Creating package script '/home/dhonan/Workspaces/tereka/roswbt/install/tereka_launcher/share/tereka_launcher/package.bash'
[2.601s] INFO:colcon.colcon_core.shell:Creating package script '/home/dhonan/Workspaces/tereka/roswbt/install/tereka_launcher/share/tereka_launcher/package.zsh'
[2.602s] Level 1:colcon.colcon_core.environment:create_file_with_runtime_dependencies(/home/dhonan/Workspaces/tereka/roswbt/install/tereka_launcher/share/colcon-core/packages/tereka_launcher)
[2.602s] DEBUG:colcon.colcon_parallel_executor.executor.parallel:closing loop
[2.602s] DEBUG:colcon.colcon_parallel_executor.executor.parallel:loop closed
[2.602s] DEBUG:colcon.colcon_parallel_executor.executor.parallel:run_until_complete finished with '0'
[2.602s] DEBUG:colcon.colcon_core.event_reactor:joining thread
[2.611s] INFO:colcon.colcon_core.plugin_system:Skipping extension 'colcon_notification.desktop_notification.terminal_notifier': Not used on non-Darwin systems
[2.611s] INFO:colcon.colcon_core.plugin_system:Skipping extension 'colcon_notification.desktop_notification.win32': Not used on non-Windows systems
[2.611s] INFO:colcon.colcon_notification.desktop_notification:Sending desktop notification using 'notify2'
[2.627s] DEBUG:colcon.colcon_core.event_reactor:joined thread
[2.628s] INFO:colcon.colcon_core.shell:Creating prefix script '/home/dhonan/Workspaces/tereka/roswbt/install/local_setup.ps1'
[2.629s] INFO:colcon.colcon_core.shell:Creating prefix util module '/home/dhonan/Workspaces/tereka/roswbt/install/_local_setup_util_ps1.py'
[2.631s] INFO:colcon.colcon_core.shell:Creating prefix chain script '/home/dhonan/Workspaces/tereka/roswbt/install/setup.ps1'
[2.634s] INFO:colcon.colcon_core.shell:Creating prefix script '/home/dhonan/Workspaces/tereka/roswbt/install/local_setup.sh'
[2.635s] INFO:colcon.colcon_core.shell:Creating prefix util module '/home/dhonan/Workspaces/tereka/roswbt/install/_local_setup_util_sh.py'
[2.636s] INFO:colcon.colcon_core.shell:Creating prefix chain script '/home/dhonan/Workspaces/tereka/roswbt/install/setup.sh'
[2.638s] INFO:colcon.colcon_core.shell:Creating prefix script '/home/dhonan/Workspaces/tereka/roswbt/install/local_setup.bash'
[2.639s] INFO:colcon.colcon_core.shell:Creating prefix chain script '/home/dhonan/Workspaces/tereka/roswbt/install/setup.bash'
[2.640s] INFO:colcon.colcon_core.shell:Creating prefix script '/home/dhonan/Workspaces/tereka/roswbt/install/local_setup.zsh'
[2.641s] INFO:colcon.colcon_core.shell:Creating prefix chain script '/home/dhonan/Workspaces/tereka/roswbt/install/setup.zsh'
