[1.644s] Invoking command in '/home/dhonan/Workspaces/tereka/roswbt/src/tereka_launcher': DEBUGINFOD_URLS=https://debuginfod.ubuntu.com PYTHONPATH=/home/dhonan/Workspaces/tereka/roswbt/build/tereka_launcher/prefix_override:/usr/lib/python3/dist-packages/colcon_core/task/python/colcon_distutils_commands:/home/dhonan/Workspaces/tereka/roswbt/install/tereka_launcher/lib/python3.12/site-packages:${PYTHONPATH} VIRTUAL_ENV_PROMPT=(.venv) /usr/bin/python3 -W ignore:setup.py install is deprecated setup.py egg_info --egg-base ../../build/tereka_launcher build --build-base /home/dhonan/Workspaces/tereka/roswbt/build/tereka_launcher/build install --record /home/dhonan/Workspaces/tereka/roswbt/build/tereka_launcher/install.log --single-version-externally-managed install_data
[2.005s] running egg_info
[2.037s] writing ../../build/tereka_launcher/tereka_launcher.egg-info/PKG-INFO
[2.038s] writing dependency_links to ../../build/tereka_launcher/tereka_launcher.egg-info/dependency_links.txt
[2.038s] writing entry points to ../../build/tereka_launcher/tereka_launcher.egg-info/entry_points.txt
[2.038s] writing requirements to ../../build/tereka_launcher/tereka_launcher.egg-info/requires.txt
[2.039s] writing top-level names to ../../build/tereka_launcher/tereka_launcher.egg-info/top_level.txt
[2.092s] reading manifest file '../../build/tereka_launcher/tereka_launcher.egg-info/SOURCES.txt'
[2.094s] writing manifest file '../../build/tereka_launcher/tereka_launcher.egg-info/SOURCES.txt'
[2.094s] running build
[2.094s] running build_py
[2.095s] running install
[2.102s] running install_lib
[2.134s] running install_data
[2.134s] copying worlds/plain_board.wbt -> /home/dhonan/Workspaces/tereka/roswbt/install/tereka_launcher/share/tereka_launcher/worlds
[2.134s] running install_egg_info
[2.162s] removing '/home/dhonan/Workspaces/tereka/roswbt/install/tereka_launcher/lib/python3.12/site-packages/tereka_launcher-0.0.0-py3.12.egg-info' (and everything under it)
[2.162s] Copying ../../build/tereka_launcher/tereka_launcher.egg-info to /home/dhonan/Workspaces/tereka/roswbt/install/tereka_launcher/lib/python3.12/site-packages/tereka_launcher-0.0.0-py3.12.egg-info
[2.163s] running install_scripts
[2.361s] Installing truck script to /home/dhonan/Workspaces/tereka/roswbt/install/tereka_launcher/lib/tereka_launcher
[2.362s] writing list of installed files to '/home/dhonan/Workspaces/tereka/roswbt/build/tereka_launcher/install.log'
[2.400s] Invoked command in '/home/dhonan/Workspaces/tereka/roswbt/src/tereka_launcher' returned '0': DEBUGINFOD_URLS=https://debuginfod.ubuntu.com PYTHONPATH=/home/dhonan/Workspaces/tereka/roswbt/build/tereka_launcher/prefix_override:/usr/lib/python3/dist-packages/colcon_core/task/python/colcon_distutils_commands:/home/dhonan/Workspaces/tereka/roswbt/install/tereka_launcher/lib/python3.12/site-packages:${PYTHONPATH} VIRTUAL_ENV_PROMPT=(.venv) /usr/bin/python3 -W ignore:setup.py install is deprecated setup.py egg_info --egg-base ../../build/tereka_launcher build --build-base /home/dhonan/Workspaces/tereka/roswbt/build/tereka_launcher/build install --record /home/dhonan/Workspaces/tereka/roswbt/build/tereka_launcher/install.log --single-version-externally-managed install_data
