[1.389s] Invoking command in '/home/dhonan/Workspaces/tereka/roswbt/src/tereka_serial': DEBUGINFOD_URLS=https://debuginfod.ubuntu.com PYTHONPATH=/home/dhonan/Workspaces/tereka/roswbt/build/tereka_serial/prefix_override:/usr/lib/python3/dist-packages/colcon_core/task/python/colcon_distutils_commands:/home/dhonan/Workspaces/tereka/roswbt/install/tereka_serial/lib/python3.12/site-packages:${PYTHONPATH} VIRTUAL_ENV_PROMPT=(.venv) /usr/bin/python3 -W ignore:setup.py install is deprecated setup.py egg_info --egg-base ../../build/tereka_serial build --build-base /home/dhonan/Workspaces/tereka/roswbt/build/tereka_serial/build install --record /home/dhonan/Workspaces/tereka/roswbt/build/tereka_serial/install.log --single-version-externally-managed install_data
[1.751s] running egg_info
[1.777s] writing ../../build/tereka_serial/tereka_serial.egg-info/PKG-INFO
[1.777s] writing dependency_links to ../../build/tereka_serial/tereka_serial.egg-info/dependency_links.txt
[1.777s] writing entry points to ../../build/tereka_serial/tereka_serial.egg-info/entry_points.txt
[1.778s] writing requirements to ../../build/tereka_serial/tereka_serial.egg-info/requires.txt
[1.778s] writing top-level names to ../../build/tereka_serial/tereka_serial.egg-info/top_level.txt
[1.836s] reading manifest file '../../build/tereka_serial/tereka_serial.egg-info/SOURCES.txt'
[1.837s] writing manifest file '../../build/tereka_serial/tereka_serial.egg-info/SOURCES.txt'
[1.838s] running build
[1.838s] running build_py
[1.838s] running install
[1.845s] running install_lib
[1.871s] running install_data
[1.872s] running install_egg_info
[1.899s] removing '/home/dhonan/Workspaces/tereka/roswbt/install/tereka_serial/lib/python3.12/site-packages/tereka_serial-0.0.0-py3.12.egg-info' (and everything under it)
[1.899s] Copying ../../build/tereka_serial/tereka_serial.egg-info to /home/dhonan/Workspaces/tereka/roswbt/install/tereka_serial/lib/python3.12/site-packages/tereka_serial-0.0.0-py3.12.egg-info
[1.900s] running install_scripts
[2.083s] Installing main script to /home/dhonan/Workspaces/tereka/roswbt/install/tereka_serial/lib/tereka_serial
[2.084s] writing list of installed files to '/home/dhonan/Workspaces/tereka/roswbt/build/tereka_serial/install.log'
[2.123s] Invoked command in '/home/dhonan/Workspaces/tereka/roswbt/src/tereka_serial' returned '0': DEBUGINFOD_URLS=https://debuginfod.ubuntu.com PYTHONPATH=/home/dhonan/Workspaces/tereka/roswbt/build/tereka_serial/prefix_override:/usr/lib/python3/dist-packages/colcon_core/task/python/colcon_distutils_commands:/home/dhonan/Workspaces/tereka/roswbt/install/tereka_serial/lib/python3.12/site-packages:${PYTHONPATH} VIRTUAL_ENV_PROMPT=(.venv) /usr/bin/python3 -W ignore:setup.py install is deprecated setup.py egg_info --egg-base ../../build/tereka_serial build --build-base /home/dhonan/Workspaces/tereka/roswbt/build/tereka_serial/build install --record /home/dhonan/Workspaces/tereka/roswbt/build/tereka_serial/install.log --single-version-externally-managed install_data
